🚀 CAFS Inventory Server running at http://0.0.0.0:3000
Initializing database...
✅ Database connection successful
❌ Failed to initialize database: Table 'branches' already exists
Please ensure MYSQL_URL is correctly set in Railway environment variables.
[PUT /inward/10] Request Body: {
  "be_no": "13455555",
  "be_date": "2026-03-26",
  "bond_no": "133344/888",
  "bond_date": "2026-03-27",
  "shipping_bill_no": "SKU1002",
  "sl_no_import_invoice": null,
  "date_of_receipt": "2026-03-26",
  "mode_of_receipt": "AIRLINE",
  "consignment_id": "2",
  "flight_no": "",
  "transport_reg_no": null,
  "warehouse_code": "Cok 15003",
  "customs_station": "COK",
  "date_of_order_section_60": "",
  "duty_rate": "15 + 15 + 15",
  "initial_bonding_date": "2026-03-26",
  "initial_bonding_expiry": "2027-04-01",
  "extended_bonding_expiry1": null,
  "extended_bonding_expiry2": null,
  "extended_bonding_expiry3": null,
  "bank_guarantee": "NA",
  "value_rate": null,
  "items": [
    {
      "id": 6,
      "inward_id": 10,
      "item_id": null,
      "description": "2021 CHATEAU DU MONTHLY RLV",
      "qty": 10,
      "unit": "PCS",
      "value": "14448.00",
      "duty": "3443.68",
      "qty_out": 0,
      "bond_no": "133344/888",
      "bond_date": "2026-03-27",
      "bond_expiry": null,
      "unit_value": null,
      "value_amount": null,
      "unit_duty": null,
      "duty_amount": null,
      "hsn_code": "12444",
      "shelf_life_date": "2026-03-26T18:30:00.000Z",
      "duty_percent": null,
      "available_qty": "10"
    }
  ],
  "branch_id": 1
}
[PUT /inward/10] Request Body: {
  "be_no": "13455555",
  "be_date": "2026-03-25",
  "bond_no": "14444/000",
  "bond_date": "2026-03-27",
  "shipping_bill_no": "SKU1002",
  "sl_no_import_invoice": null,
  "date_of_receipt": "2026-03-25",
  "mode_of_receipt": "AIRLINE",
  "consignment_id": "2",
  "flight_no": "A1 902",
  "transport_reg_no": null,
  "warehouse_code": "Cok 15003",
  "customs_station": "COK",
  "date_of_order_section_60": "",
  "duty_rate": "15 + 15 + 15",
  "initial_bonding_date": "2026-03-25",
  "initial_bonding_expiry": "2027-03-31",
  "extended_bonding_expiry1": null,
  "extended_bonding_expiry2": null,
  "extended_bonding_expiry3": null,
  "bank_guarantee": "NA",
  "value_rate": null,
  "items": [
    {
      "id": 6,
      "inward_id": 10,
      "item_id": null,
      "description": "2021 CHATEAU DU MONTHLY RLV",
      "qty": 10,
      "unit": "PCS",
      "value": "14448.00",
      "duty": "3443.68",
      "qty_out": 0,
      "bond_no": "14444/000",
      "bond_date": "2026-03-27",
      "bond_expiry": null,
      "unit_value": null,
      "value_amount": null,
      "unit_duty": null,
      "duty_amount": null,
      "hsn_code": "12444",
      "shelf_life_date": "2026-03-25T18:30:00.000Z",
      "duty_percent": null,
      "available_qty": "10"
    }
  ],
  "branch_id": 1
}
[PUT /inward/10] Request Body: {
  "be_no": "13455555",
  "be_date": "2026-03-24",
  "bond_no": "ahfiahfiuahi",
  "bond_date": "2026-03-27",
  "shipping_bill_no": "SKU1002",
  "sl_no_import_invoice": null,
  "date_of_receipt": "2026-03-24",
  "mode_of_receipt": "AIRLINE",
  "consignment_id": "2",
  "flight_no": "A1 902",
  "transport_reg_no": null,
  "warehouse_code": "Cok 15003",
  "customs_station": "COK",
  "date_of_order_section_60": "",
  "duty_rate": "15.00",
  "initial_bonding_date": "2026-03-24",
  "initial_bonding_expiry": "2027-03-30",
  "extended_bonding_expiry1": null,
  "extended_bonding_expiry2": null,
  "extended_bonding_expiry3": null,
  "bank_guarantee": "NA",
  "value_rate": null,
  "items": [
    {
      "id": 6,
      "inward_id": 10,
      "item_id": null,
      "description": "2021 CHATEAU DU MONTHLY RLV",
      "qty": 10,
      "unit": "PCS",
      "value": "14448.00",
      "duty": "3443.68",
      "qty_out": 0,
      "bond_no": "ahfiahfiuahi",
      "bond_date": "2026-03-27",
      "bond_expiry": null,
      "unit_value": null,
      "value_amount": null,
      "unit_duty": null,
      "duty_amount": null,
      "hsn_code": "12444",
      "shelf_life_date": "2026-03-24T18:30:00.000Z",
      "duty_percent": "15+15+15",
      "available_qty": "10"
    },
    {
      "item_id": null,
      "description": "BEER-BUDWEISER CANS 35.5 CL",
      "pkg_marks": "",
      "unit": "PCS",
      "hsn_code": "wwww\\\\\\",
      "duty_percent": "15+15+15",
      "qty_adviced": 0,
      "shelf_life_date": "2026-03-27",
      "qty": "20",
      "value": "44774",
      "duty": "4773",
      "bond_no": "sasfdasdfasf",
      "bond_date": "2026-03-27"
    }
  ],
  "branch_id": 1
}
[PUT /inward/10] Request Body: {
  "be_no": "13455555",
  "be_date": "2026-03-23",
  "bond_no": "ahfiahfiuahi",
  "bond_date": "2026-03-26",
  "shipping_bill_no": "SKU1002",
  "sl_no_import_invoice": null,
  "date_of_receipt": "2026-03-23",
  "mode_of_receipt": "ROAD",
  "consignment_id": "5",
  "flight_no": "",
  "transport_reg_no": null,
  "warehouse_code": "Cok 15003",
  "customs_station": "COK",
  "date_of_order_section_60": "",
  "duty_rate": "15.00",
  "initial_bonding_date": "2026-03-23",
  "initial_bonding_expiry": "2027-03-29",
  "extended_bonding_expiry1": null,
  "extended_bonding_expiry2": null,
  "extended_bonding_expiry3": null,
  "bank_guarantee": "NA",
  "value_rate": null,
  "items": [
    {
      "id": 6,
      "inward_id": 10,
      "item_id": null,
      "description": "2021 CHATEAU DU MONTHLY RLV",
      "qty": 10,
      "unit": "PCS",
      "value": "14448.00",
      "duty": "3443.68",
      "qty_out": 0,
      "bond_no": null,
      "bond_date": null,
      "bond_expiry": null,
      "unit_value": null,
      "value_amount": null,
      "unit_duty": null,
      "duty_amount": null,
      "hsn_code": "12444",
      "shelf_life_date": "2026-03-23T18:30:00.000Z",
      "duty_percent": "15+15+15",
      "available_qty": "10"
    },
    {
      "id": 7,
      "inward_id": 10,
      "item_id": null,
      "description": "BEER-BUDWEISER CANS 35.5 CL",
      "qty": 20,
      "unit": "PCS",
      "value": "44774.00",
      "duty": "4773.00",
      "qty_out": 0,
      "bond_no": null,
      "bond_date": null,
      "bond_expiry": null,
      "unit_value": null,
      "value_amount": null,
      "unit_duty": null,
      "duty_amount": null,
      "hsn_code": "wwww\\\\\\",
      "shelf_life_date": "2026-03-26T18:30:00.000Z",
      "duty_percent": "15+15+15",
      "available_qty": "20"
    }
  ],
  "branch_id": 1
}
[PUT /inward/7] Request Body: {
  "be_no": "BEOROORO",
  "be_date": "2026-03-24",
  "bond_no": "NEW BOND LIST",
  "bond_date": "2026-03-24",
  "shipping_bill_no": "33WRWRU",
  "sl_no_import_invoice": "REWRR",
  "date_of_receipt": "2026-03-24",
  "mode_of_receipt": "ROAD",
  "consignment_id": "5",
  "flight_no": "",
  "transport_reg_no": null,
  "warehouse_code": "COK15003",
  "customs_station": "COK",
  "date_of_order_section_60": "2026-03-17",
  "duty_rate": "15.00",
  "initial_bonding_date": "2026-03-24",
  "initial_bonding_expiry": "2028-03-29",
  "extended_bonding_expiry1": null,
  "extended_bonding_expiry2": null,
  "extended_bonding_expiry3": null,
  "bank_guarantee": "NA",
  "value_rate": null,
  "items": [
    {
      "id": 3,
      "inward_id": 7,
      "item_id": null,
      "description": "BEER-BUDWEISER CANS 35.5 CL",
      "qty": 150,
      "unit": "PCS",
      "value": "4500.00",
      "duty": "1230.00",
      "qty_out": 0,
      "bond_no": null,
      "bond_date": null,
      "bond_expiry": null,
      "unit_value": null,
      "value_amount": null,
      "unit_duty": null,
      "duty_amount": null,
      "hsn_code": "2200",
      "shelf_life_date": null,
      "duty_percent": "10",
      "available_qty": "150"
    }
  ],
  "branch_id": 1
}
[PUT /inward/10] Request Body: {
  "be_no": "13455555",
  "be_date": "2026-03-22",
  "bond_no": "NEW",
  "bond_date": "2026-03-27",
  "shipping_bill_no": "SKU1002",
  "sl_no_import_invoice": null,
  "date_of_receipt": "2026-03-22",
  "mode_of_receipt": "ROAD",
  "consignment_id": "2",
  "flight_no": "",
  "transport_reg_no": "12939339",
  "warehouse_code": "Cok 15003",
  "customs_station": "COK",
  "date_of_order_section_60": "",
  "duty_rate": "15.00",
  "initial_bonding_date": "2026-03-22",
  "initial_bonding_expiry": "2027-03-28",
  "extended_bonding_expiry1": null,
  "extended_bonding_expiry2": null,
  "extended_bonding_expiry3": null,
  "bank_guarantee": "NA",
  "value_rate": null,
  "items": [
    {
      "id": 6,
      "inward_id": 10,
      "item_id": null,
      "description": "2021 CHATEAU DU MONTHLY RLV",
      "qty": 10,
      "unit": "PCS",
      "value": "14448.00",
      "duty": "3443.68",
      "qty_out": 0,
      "bond_no": "NEW",
      "bond_date": "2026-03-27",
      "bond_expiry": null,
      "unit_value": null,
      "value_amount": null,
      "unit_duty": null,
      "duty_amount": null,
      "hsn_code": "12444",
      "shelf_life_date": "2026-03-22T18:30:00.000Z",
      "duty_percent": "15+15+15",
      "available_qty": "10"
    },
    {
      "id": 7,
      "inward_id": 10,
      "item_id": null,
      "description": "BEER-BUDWEISER CANS 35.5 CL",
      "qty": 20,
      "unit": "PCS",
      "value": "44774.00",
      "duty": "4773.00",
      "qty_out": 0,
      "bond_no": "NEW1",
      "bond_date": "2026-03-27",
      "bond_expiry": null,
      "unit_value": null,
      "value_amount": null,
      "unit_duty": null,
      "duty_amount": null,
      "hsn_code": "wwww\\\\\\",
      "shelf_life_date": "2026-03-25T18:30:00.000Z",
      "duty_percent": "15+15+15",
      "available_qty": "20"
    }
  ],
  "branch_id": 1
}
[PUT /inward/10] Request Body: {
  "be_no": "13455555",
  "be_date": "2026-03-21",
  "bond_no": "W SFS",
  "bond_date": "2026-03-25",
  "shipping_bill_no": "SKU1002",
  "sl_no_import_invoice": null,
  "date_of_receipt": "2026-03-21",
  "mode_of_receipt": "ROAD",
  "consignment_id": "2",
  "flight_no": "",
  "transport_reg_no": "12939339",
  "warehouse_code": "Cok 15003",
  "customs_station": "COK",
  "date_of_order_section_60": "",
  "duty_rate": "15.00",
  "initial_bonding_date": "2026-03-21",
  "initial_bonding_expiry": "2027-03-27",
  "extended_bonding_expiry1": null,
  "extended_bonding_expiry2": null,
  "extended_bonding_expiry3": null,
  "bank_guarantee": "NA",
  "value_rate": null,
  "items": [
    {
      "id": 6,
      "inward_id": 10,
      "item_id": null,
      "description": "2021 CHATEAU DU MONTHLY RLV",
      "qty": 10,
      "unit": "PCS",
      "value": "14448.00",
      "duty": "3443.68",
      "qty_out": 0,
      "bond_no": "W SFS",
      "bond_date": "2026-03-25",
      "bond_expiry": null,
      "unit_value": null,
      "value_amount": null,
      "unit_duty": null,
      "duty_amount": null,
      "hsn_code": "12444",
      "shelf_life_date": "2026-03-21T18:30:00.000Z",
      "duty_percent": "15+15+15",
      "available_qty": "10"
    },
    {
      "id": 7,
      "inward_id": 10,
      "item_id": null,
      "description": "BEER-BUDWEISER CANS 35.5 CL",
      "qty": 20,
      "unit": "PCS",
      "value": "44774.00",
      "duty": "4773.00",
      "qty_out": 0,
      "bond_no": "SDFD",
      "bond_date": "2026-03-27",
      "bond_expiry": null,
      "unit_value": null,
      "value_amount": null,
      "unit_duty": null,
      "duty_amount": null,
      "hsn_code": "wwww\\\\\\",
      "shelf_life_date": "2026-03-24T18:30:00.000Z",
      "duty_percent": "15+15+15",
      "available_qty": "20"
    }
  ],
  "branch_id": 1
}
[PUT /inward/10] Request Body: {
  "be_no": "13455555",
  "be_date": "2026-03-20",
  "bond_no": "SAHFIH",
  "bond_date": "2026-03-27",
  "shipping_bill_no": "SKU1002",
  "sl_no_import_invoice": null,
  "date_of_receipt": "2026-03-20",
  "mode_of_receipt": "ROAD",
  "consignment_id": "2",
  "flight_no": "",
  "transport_reg_no": "12939339",
  "warehouse_code": "Cok 15003",
  "customs_station": "COK",
  "date_of_order_section_60": "",
  "duty_rate": "15.00",
  "initial_bonding_date": "2026-03-20",
  "initial_bonding_expiry": "2027-03-26",
  "extended_bonding_expiry1": null,
  "extended_bonding_expiry2": null,
  "extended_bonding_expiry3": null,
  "bank_guarantee": "NA",
  "value_rate": null,
  "items": [
    {
      "id": 6,
      "inward_id": 10,
      "item_id": null,
      "description": "2021 CHATEAU DU MONTHLY RLV",
      "qty": 10,
      "unit": "PCS",
      "value": "14448.00",
      "duty": "3443.68",
      "qty_out": 0,
      "bond_no": "SAHFIH",
      "bond_date": "2026-03-27",
      "bond_expiry": null,
      "unit_value": null,
      "value_amount": null,
      "unit_duty": null,
      "duty_amount": null,
      "hsn_code": "12444",
      "shelf_life_date": "2026-03-20T18:30:00.000Z",
      "duty_percent": "15+15+15",
      "available_qty": "10"
    },
    {
      "id": 7,
      "inward_id": 10,
      "item_id": null,
      "description": "BEER-BUDWEISER CANS 35.5 CL",
      "qty": 20,
      "unit": "PCS",
      "value": "44774.00",
      "duty": "4773.00",
      "qty_out": 0,
      "bond_no": "SASDF",
      "bond_date": "2026-03-23",
      "bond_expiry": null,
      "unit_value": null,
      "value_amount": null,
      "unit_duty": null,
      "duty_amount": null,
      "hsn_code": "wwww\\\\\\",
      "shelf_life_date": "2026-03-23T18:30:00.000Z",
      "duty_percent": "15+15+15",
      "available_qty": "20"
    }
  ],
  "branch_id": 1
}
[PUT /inward/10] Request Body: {
  "be_no": "13455555",
  "be_date": "2026-03-19",
  "bond_no": "BOND-001",
  "bond_date": "2026-03-25",
  "shipping_bill_no": "SKU1002",
  "sl_no_import_invoice": null,
  "date_of_receipt": "2026-03-19",
  "mode_of_receipt": "ROAD",
  "consignment_id": "2",
  "flight_no": "",
  "transport_reg_no": "12939339",
  "warehouse_code": "Cok 15003",
  "customs_station": "COK",
  "date_of_order_section_60": "",
  "duty_rate": "15.00",
  "initial_bonding_date": "2026-03-19",
  "initial_bonding_expiry": "2027-03-25",
  "extended_bonding_expiry1": null,
  "extended_bonding_expiry2": null,
  "extended_bonding_expiry3": null,
  "bank_guarantee": "NA",
  "value_rate": null,
  "items": [
    {
      "id": 6,
      "inward_id": 10,
      "item_id": null,
      "description": "2021 CHATEAU DU MONTHLY RLV",
      "qty": 10,
      "unit": "PCS",
      "value": "14448.00",
      "duty": "3443.68",
      "qty_out": 0,
      "bond_no": "BOND-001",
      "bond_date": "2026-03-25",
      "bond_expiry": null,
      "unit_value": null,
      "value_amount": null,
      "unit_duty": null,
      "duty_amount": null,
      "hsn_code": "12444",
      "shelf_life_date": "2026-03-19T18:30:00.000Z",
      "duty_percent": "15+15+15",
      "available_qty": "10"
    },
    {
      "id": 7,
      "inward_id": 10,
      "item_id": null,
      "description": "BEER-BUDWEISER CANS 35.5 CL",
      "qty": 20,
      "unit": "PCS",
      "value": "44774.00",
      "duty": "4773.00",
      "qty_out": 0,
      "bond_no": "BOND-002",
      "bond_date": "2026-03-26",
      "bond_expiry": null,
      "unit_value": null,
      "value_amount": null,
      "unit_duty": null,
      "duty_amount": null,
      "hsn_code": "wwww\\\\\\",
      "shelf_life_date": "2026-03-22T18:30:00.000Z",
      "duty_percent": "15+15+15",
      "available_qty": "20"
    }
  ],
  "branch_id": 1
}
[PUT /inward/10] Request Body: {
  "be_no": "13455555",
  "be_date": "2026-03-18",
  "bond_no": "TEST-BOND-001",
  "bond_date": "2026-03-25",
  "customs_station": "COK",
  "date_of_receipt": "2026-03-18",
  "mode_of_receipt": "ROAD",
  "consignment_id": 2,
  "warehouse_code": "Cok 15003",
  "items": [
    {
      "id": 6,
      "item_id": null,
      "description": "2021 CHATEAU DU MONTHLY RLV",
      "qty": 10,
      "unit": "PCS",
      "value": "14448.00",
      "duty": "3443.68",
      "hsn_code": "12444",
      "shelf_life_date": "2026-03-18",
      "duty_percent": "15+15+15",
      "bond_no": "TEST-BOND-001",
      "bond_date": "2026-03-25"
    },
    {
      "id": 7,
      "item_id": null,
      "description": "BEER-BUDWEISER CANS 35.5 CL",
      "qty": 20,
      "unit": "PCS",
      "value": "44774.00",
      "duty": "4773.00",
      "hsn_code": "wwww\\\\\\",
      "shelf_life_date": "2026-03-21",
      "duty_percent": "15+15+15",
      "bond_no": "TEST-BOND-002",
      "bond_date": "2026-03-26"
    }
  ]
}
